[2012-08-21 10:56:55.692] [INFO] demoapp - The app is running locally, log file is: ./nettle_logger.log
[2012-08-21 10:56:55.701] [DEBUG] demoapp - Started service demoapp
[2012-08-21 10:57:08.016] [INFO] demoapp - This is an info message. Tue Aug 21 2012 10:57:08 GMT-0500 (CDT)
[2012-08-21 10:57:08.016] [ERROR] demoapp - This is an error message. Tue Aug 21 2012 10:57:08 GMT-0500 (CDT)
[2012-08-21 10:57:08.016] [WARN] demoapp - This is a warning message. Tue Aug 21 2012 10:57:08 GMT-0500 (CDT)
[2012-08-21 12:23:11.801] [INFO] demoapp - The app is running locally, log file is: ./nettle_logger.log
[2012-08-21 12:23:11.810] [DEBUG] demoapp - Started service demoapp
[2012-08-21 12:24:11.984] [INFO] demoapp - The app is running locally, log file is: ./nettle_logger.log
[2012-08-21 12:24:12.005] [DEBUG] demoapp - Started service demoapp
[2012-08-21 12:24:17.741] [INFO] demoapp - This is an info message. Tue Aug 21 2012 12:24:17 GMT-0500 (CDT)
[2012-08-21 12:24:17.741] [ERROR] demoapp - This is an error message. Tue Aug 21 2012 12:24:17 GMT-0500 (CDT)
[2012-08-21 12:24:17.742] [WARN] demoapp - This is a warning message. Tue Aug 21 2012 12:24:17 GMT-0500 (CDT)
[2012-08-21 12:24:18.271] [INFO] demoapp - STATUS: 404
[2012-08-21 12:25:06.858] [DEBUG] demoapp - Stopped service demoapp
[2012-08-21 12:25:06.861] [INFO] demoapp - The app is running locally, log file is: ./nettle_logger.log
[2012-08-21 12:25:06.924] [DEBUG] demoapp - Started service demoapp
[2012-08-21 12:25:14.731] [INFO] demoapp - The app is running locally, log file is: ./nettle_logger.log
[2012-08-21 12:25:14.740] [DEBUG] demoapp - Started service demoapp
[2012-08-21 12:30:10.459] [DEBUG] demoapp - Stopped service demoapp
[2012-08-21 12:30:10.461] [INFO] demoapp - The app is running locally, log file is: ./nettle_logger.log
[2012-08-21 12:30:10.527] [DEBUG] demoapp - Started service demoapp
[2012-08-21 12:31:35.372] [DEBUG] demoapp - Stopped service demoapp
[2012-08-21 12:33:06.873] [INFO] demoapp - The app is running locally, log file is: ./nettle_logger.log
[2012-08-21 12:33:06.882] [DEBUG] demoapp - Started service demoapp
[2012-08-21 12:33:12.740] [INFO] demoapp - URL: www.batcon.org
[2012-08-21 12:33:50.738] [DEBUG] demoapp - Stopped service demoapp
[2012-08-21 12:33:50.742] [INFO] demoapp - The app is running locally, log file is: ./nettle_logger.log
[2012-08-21 12:33:50.792] [DEBUG] demoapp - Started service demoapp
[2012-08-21 12:33:56.958] [INFO] demoapp - The app is running locally, log file is: ./nettle_logger.log
[2012-08-21 12:33:56.967] [DEBUG] demoapp - Started service demoapp
[2012-08-21 12:34:02.507] [INFO] demoapp - URL: www.batcon.org
[2012-08-21 12:34:08.710] [INFO] demoapp - URL: www.batcon.org
[2012-08-21 12:36:14.768] [INFO] demoapp - URL: www.batcon.org
[2012-08-21 12:36:28.478] [DEBUG] demoapp - Stopped service demoapp
[2012-08-21 12:36:28.482] [INFO] demoapp - The app is running locally, log file is: ./nettle_logger.log
[2012-08-21 12:36:28.551] [DEBUG] demoapp - Started service demoapp
[2012-08-21 12:36:35.898] [DEBUG] demoapp - Stopped service demoapp
[2012-08-21 12:36:35.901] [INFO] demoapp - The app is running locally, log file is: ./nettle_logger.log
[2012-08-21 12:36:35.909] [DEBUG] demoapp - Started service demoapp
[2012-08-21 12:36:43.614] [INFO] demoapp - The app is running locally, log file is: ./nettle_logger.log
[2012-08-21 12:36:43.623] [DEBUG] demoapp - Started service demoapp
[2012-08-21 12:39:24.144] [INFO] demoapp - The app is running locally, log file is: ./nettle_logger.log
[2012-08-21 12:39:24.158] [DEBUG] demoapp - Started service demoapp
[2012-08-21 12:39:30.867] [INFO] demoapp - URL: www.batcon.org
[2012-08-21 12:39:35.477] [INFO] demoapp - URL: www.batcon.org
[2012-08-21 12:40:20.542] [DEBUG] demoapp - Stopped service demoapp
[2012-08-21 12:40:20.546] [INFO] demoapp - The app is running locally, log file is: ./nettle_logger.log
[2012-08-21 12:40:20.601] [DEBUG] demoapp - Started service demoapp
[2012-08-21 12:40:23.968] [DEBUG] demoapp - Stopped service demoapp
[2012-08-21 12:40:23.971] [INFO] demoapp - The app is running locally, log file is: ./nettle_logger.log
[2012-08-21 12:40:23.978] [DEBUG] demoapp - Started service demoapp
[2012-08-21 12:40:29.631] [INFO] demoapp - The app is running locally, log file is: ./nettle_logger.log
[2012-08-21 12:40:29.640] [DEBUG] demoapp - Started service demoapp
[2012-08-21 12:40:32.008] [INFO] demoapp - URL: www.batcon.org
[2012-08-21 12:41:42.223] [DEBUG] demoapp - Stopped service demoapp
[2012-08-21 12:41:42.227] [INFO] demoapp - The app is running locally, log file is: ./nettle_logger.log
[2012-08-21 12:41:42.267] [DEBUG] demoapp - Started service demoapp
[2012-08-21 12:41:50.738] [INFO] demoapp - The app is running locally, log file is: ./nettle_logger.log
[2012-08-21 12:41:50.747] [DEBUG] demoapp - Started service demoapp
[2012-08-21 12:46:12.410] [DEBUG] demoapp - Stopped service demoapp
[2012-08-21 12:46:12.413] [INFO] demoapp - The app is running locally, log file is: ./nettle_logger.log
[2012-08-21 12:46:12.468] [DEBUG] demoapp - Started service demoapp
[2012-08-21 12:46:28.096] [DEBUG] demoapp - Stopped service demoapp
[2012-08-21 12:46:28.101] [INFO] demoapp - The app is running locally, log file is: ./nettle_logger.log
[2012-08-21 12:46:28.115] [DEBUG] demoapp - Started service demoapp
[2012-08-21 12:47:03.784] [DEBUG] demoapp - Stopped service demoapp
[2012-08-21 12:47:03.788] [INFO] demoapp - The app is running locally, log file is: ./nettle_logger.log
[2012-08-21 12:47:03.801] [DEBUG] demoapp - Started service demoapp
[2012-08-21 12:47:09.996] [INFO] demoapp - The app is running locally, log file is: ./nettle_logger.log
[2012-08-21 12:47:10.015] [DEBUG] demoapp - Started service demoapp
[2012-08-21 12:47:13.896] [INFO] demoapp - URL: www.batcon.org
[2012-08-21 12:47:34.899] [DEBUG] demoapp - Stopped service demoapp
[2012-08-21 12:47:34.902] [INFO] demoapp - The app is running locally, log file is: ./nettle_logger.log
[2012-08-21 12:47:34.952] [DEBUG] demoapp - Started service demoapp
[2012-08-21 12:47:41.924] [INFO] demoapp - The app is running locally, log file is: ./nettle_logger.log
[2012-08-21 12:47:41.933] [DEBUG] demoapp - Started service demoapp
[2012-08-21 12:47:45.643] [INFO] demoapp - URL: www.batcon.org
[2012-08-21 12:52:14.324] [DEBUG] demoapp - Stopped service demoapp
[2012-08-21 12:52:14.326] [INFO] demoapp - The app is running locally, log file is: ./nettle_logger.log
[2012-08-21 12:52:14.372] [DEBUG] demoapp - Started service demoapp
[2012-08-21 12:52:20.768] [DEBUG] demoapp - Stopped service demoapp
[2012-08-21 12:52:20.771] [INFO] demoapp - The app is running locally, log file is: ./nettle_logger.log
[2012-08-21 12:52:20.778] [DEBUG] demoapp - Started service demoapp
[2012-08-21 12:52:25.964] [INFO] demoapp - The app is running locally, log file is: ./nettle_logger.log
[2012-08-21 12:52:25.972] [DEBUG] demoapp - Started service demoapp
[2012-08-21 12:52:30.386] [INFO] demoapp - URL: www.batcon.org
[2012-08-21 12:52:38.300] [INFO] demoapp - The app is running locally, log file is: ./nettle_logger.log
[2012-08-21 12:52:38.309] [DEBUG] demoapp - Started service demoapp
[2012-08-21 12:52:45.454] [INFO] demoapp - URL: www.batcon.org
[2012-08-21 12:53:32.295] [DEBUG] demoapp - Stopped service demoapp
[2012-08-21 12:53:32.299] [INFO] demoapp - The app is running locally, log file is: ./nettle_logger.log
[2012-08-21 12:53:32.369] [DEBUG] demoapp - Started service demoapp
[2012-08-21 12:53:38.720] [INFO] demoapp - The app is running locally, log file is: ./nettle_logger.log
[2012-08-21 12:53:38.730] [DEBUG] demoapp - Started service demoapp
[2012-08-21 12:53:41.641] [INFO] demoapp - URL: www.batcon.org
[2012-08-21 12:54:45.371] [INFO] demoapp - URL: www.batcon.org
[2012-08-21 12:55:13.519] [DEBUG] demoapp - Stopped service demoapp
[2012-08-21 12:55:13.524] [INFO] demoapp - The app is running locally, log file is: ./nettle_logger.log
[2012-08-21 12:55:13.579] [DEBUG] demoapp - Started service demoapp
[2012-08-21 12:55:24.959] [INFO] demoapp - The app is running locally, log file is: ./nettle_logger.log
[2012-08-21 12:55:24.968] [DEBUG] demoapp - Started service demoapp
[2012-08-21 12:55:27.227] [INFO] demoapp - URL: www.batcon.org
[2012-08-21 13:25:50.762] [INFO] demoapp - URL: www.batcon.org
[2012-08-21 13:26:03.992] [INFO] demoapp - URL: www.batcon.org
[2012-08-21 13:26:39.685] [DEBUG] demoapp - Stopped service demoapp
[2012-08-21 13:26:39.690] [INFO] demoapp - The app is running locally, log file is: ./nettle_logger.log
[2012-08-21 13:26:39.765] [DEBUG] demoapp - Started service demoapp
[2012-08-21 13:26:46.661] [INFO] demoapp - The app is running locally, log file is: ./nettle_logger.log
[2012-08-21 13:26:46.670] [DEBUG] demoapp - Started service demoapp
[2012-08-21 13:26:49.307] [INFO] demoapp - URL: www.batcon.org
[2012-08-21 13:28:16.321] [DEBUG] demoapp - Stopped service demoapp
[2012-08-21 13:28:16.329] [INFO] demoapp - The app is running locally, log file is: ./nettle_logger.log
[2012-08-21 13:28:16.396] [DEBUG] demoapp - Started service demoapp
[2012-08-21 13:28:29.241] [INFO] demoapp - The app is running locally, log file is: ./nettle_logger.log
[2012-08-21 13:28:29.249] [DEBUG] demoapp - Started service demoapp
[2012-08-21 13:28:30.737] [INFO] demoapp - URL: www.batcon.org
[2012-08-21 13:30:26.974] [DEBUG] demoapp - Stopped service demoapp
[2012-08-21 13:30:26.976] [INFO] demoapp - The app is running locally, log file is: ./nettle_logger.log
[2012-08-21 13:30:27.022] [DEBUG] demoapp - Started service demoapp
[2012-08-21 13:30:32.949] [INFO] demoapp - The app is running locally, log file is: ./nettle_logger.log
[2012-08-21 13:30:32.958] [DEBUG] demoapp - Started service demoapp
[2012-08-21 13:30:35.881] [INFO] demoapp - URL: www.batcon.org
[2012-08-21 13:36:30.614] [DEBUG] demoapp - Stopped service demoapp
[2012-08-21 13:36:30.616] [INFO] demoapp - The app is running locally, log file is: ./nettle_logger.log
[2012-08-21 13:36:30.667] [DEBUG] demoapp - Started service demoapp
[2012-08-21 13:36:43.589] [DEBUG] demoapp - Stopped service demoapp
[2012-08-21 13:36:43.605] [INFO] demoapp - The app is running locally, log file is: ./nettle_logger.log
[2012-08-21 13:36:43.613] [DEBUG] demoapp - Started service demoapp
[2012-08-21 13:36:47.131] [DEBUG] demoapp - Stopped service demoapp
[2012-08-21 13:36:47.134] [INFO] demoapp - The app is running locally, log file is: ./nettle_logger.log
[2012-08-21 13:36:47.180] [DEBUG] demoapp - Started service demoapp
[2012-08-21 13:36:55.694] [INFO] demoapp - The app is running locally, log file is: ./nettle_logger.log
[2012-08-21 13:36:55.703] [DEBUG] demoapp - Started service demoapp
[2012-08-21 13:36:58.216] [INFO] demoapp - URL: www.batcon.org
[2012-08-21 13:37:02.434] [INFO] demoapp - URL: www.batcon.org
[2012-08-21 13:41:53.617] [DEBUG] demoapp - Stopped service demoapp
[2012-08-21 13:41:53.620] [INFO] demoapp - The app is running locally, log file is: ./nettle_logger.log
[2012-08-21 13:41:53.665] [DEBUG] demoapp - Started service demoapp
[2012-08-21 13:42:01.234] [INFO] demoapp - The app is running locally, log file is: ./nettle_logger.log
[2012-08-21 13:42:01.243] [DEBUG] demoapp - Started service demoapp
[2012-08-21 13:42:26.145] [INFO] demoapp - URL: www.batcon.org
[2012-08-21 13:42:48.537] [DEBUG] demoapp - Stopped service demoapp
[2012-08-21 13:42:48.540] [INFO] demoapp - The app is running locally, log file is: ./nettle_logger.log
[2012-08-21 13:42:48.614] [DEBUG] demoapp - Started service demoapp
[2012-08-21 13:42:59.561] [INFO] demoapp - The app is running locally, log file is: ./nettle_logger.log
[2012-08-21 13:42:59.570] [DEBUG] demoapp - Started service demoapp
[2012-08-21 13:43:02.959] [INFO] demoapp - URL: www.batcon.org
[2012-08-21 13:43:58.749] [DEBUG] demoapp - Stopped service demoapp
[2012-08-21 13:43:58.772] [INFO] demoapp - The app is running locally, log file is: ./nettle_logger.log
[2012-08-21 13:43:58.826] [DEBUG] demoapp - Started service demoapp
[2012-08-21 13:57:19.321] [DEBUG] demoapp - Stopped service demoapp
[2012-08-21 13:57:19.322] [INFO] demoapp - The app is running locally, log file is: ./nettle_logger.log
[2012-08-21 13:57:19.352] [DEBUG] demoapp - Started service demoapp
[2012-08-21 13:57:25.746] [DEBUG] demoapp - Stopped service demoapp
[2012-08-21 13:57:25.748] [INFO] demoapp - The app is running locally, log file is: ./nettle_logger.log
[2012-08-21 13:57:25.776] [DEBUG] demoapp - Started service demoapp
[2012-08-21 13:57:41.664] [INFO] demoapp - The app is running locally, log file is: ./nettle_logger.log
[2012-08-21 13:57:41.672] [DEBUG] demoapp - Started service demoapp
[2012-08-21 13:57:44.834] [INFO] demoapp - URL: www.batcon.org
[2012-08-21 13:58:05.899] [INFO] demoapp - URL: www.batcon.org
[2012-08-21 14:00:06.871] [DEBUG] demoapp - Stopped service demoapp
[2012-08-21 14:00:06.875] [INFO] demoapp - The app is running locally, log file is: ./nettle_logger.log
[2012-08-21 14:00:06.929] [DEBUG] demoapp - Started service demoapp
[2012-08-21 14:00:16.429] [INFO] demoapp - The app is running locally, log file is: ./nettle_logger.log
[2012-08-21 14:00:16.438] [DEBUG] demoapp - Started service demoapp
[2012-08-21 14:00:23.602] [INFO] demoapp - URL: www.batcon.org
[2012-08-21 14:00:24.021] [ERROR] demoapp - ERR: socket hang up
[2012-08-21 14:01:03.125] [INFO] demoapp - The app is running locally, log file is: ./nettle_logger.log
[2012-08-21 14:01:03.134] [DEBUG] demoapp - Started service demoapp
[2012-08-21 14:01:29.891] [INFO] demoapp - URL: www.batcon.org
[2012-08-21 14:01:30.309] [ERROR] demoapp - ERR: socket hang up
[2012-08-21 14:01:52.728] [DEBUG] demoapp - Stopped service demoapp
[2012-08-21 14:01:52.731] [INFO] demoapp - The app is running locally, log file is: ./nettle_logger.log
[2012-08-21 14:01:52.782] [DEBUG] demoapp - Started service demoapp
[2012-08-21 14:02:00.295] [DEBUG] demoapp - Stopped service demoapp
[2012-08-21 14:02:00.302] [INFO] demoapp - The app is running locally, log file is: ./nettle_logger.log
[2012-08-21 14:02:00.338] [DEBUG] demoapp - Started service demoapp
[2012-08-21 14:02:11.630] [INFO] demoapp - The app is running locally, log file is: ./nettle_logger.log
[2012-08-21 14:02:11.638] [DEBUG] demoapp - Started service demoapp
[2012-08-21 14:02:13.466] [INFO] demoapp - URL: www.batcon.org
[2012-08-21 14:02:24.530] [DEBUG] demoapp - Stopped service demoapp
[2012-08-21 14:02:24.533] [INFO] demoapp - The app is running locally, log file is: ./nettle_logger.log
[2012-08-21 14:02:24.598] [DEBUG] demoapp - Started service demoapp
[2012-08-21 14:02:30.353] [INFO] demoapp - The app is running locally, log file is: ./nettle_logger.log
[2012-08-21 14:02:30.361] [DEBUG] demoapp - Started service demoapp
[2012-08-21 14:02:32.093] [INFO] demoapp - URL: www.batcon.org
[2012-08-21 14:02:32.179] [ERROR] demoapp - ERR: socket hang up
[2012-08-21 14:03:03.582] [DEBUG] demoapp - Stopped service demoapp
[2012-08-21 14:03:03.597] [INFO] demoapp - The app is running locally, log file is: ./nettle_logger.log
[2012-08-21 14:03:03.664] [DEBUG] demoapp - Started service demoapp
[2012-08-21 14:03:11.076] [INFO] demoapp - The app is running locally, log file is: ./nettle_logger.log
[2012-08-21 14:03:11.087] [DEBUG] demoapp - Started service demoapp
[2012-08-21 14:03:12.767] [INFO] demoapp - URL: www.batcon.org
[2012-08-21 14:06:47.569] [INFO] demoapp - URL: www.batcon.org
[2012-08-21 14:07:21.814] [DEBUG] demoapp - Stopped service demoapp
[2012-08-21 14:07:21.818] [INFO] demoapp - The app is running locally, log file is: ./nettle_logger.log
[2012-08-21 14:07:21.873] [DEBUG] demoapp - Started service demoapp
[2012-08-21 14:07:28.223] [INFO] demoapp - The app is running locally, log file is: ./nettle_logger.log
[2012-08-21 14:07:28.232] [DEBUG] demoapp - Started service demoapp
[2012-08-21 14:07:31.356] [INFO] demoapp - URL: www.batcon.org
[2012-08-21 14:07:34.447] [INFO] demoapp - URL: www.batcon.org
[2012-08-21 14:14:14.745] [DEBUG] demoapp - Stopped service demoapp
[2012-08-21 14:14:14.747] [INFO] demoapp - The app is running locally, log file is: ./nettle_logger.log
[2012-08-21 14:14:14.825] [DEBUG] demoapp - Started service demoapp
[2012-08-21 14:14:19.110] [DEBUG] demoapp - Stopped service demoapp
[2012-08-21 14:14:19.114] [INFO] demoapp - The app is running locally, log file is: ./nettle_logger.log
[2012-08-21 14:14:19.159] [DEBUG] demoapp - Started service demoapp
[2012-08-21 14:16:27.284] [DEBUG] demoapp - Stopped service demoapp
[2012-08-21 14:16:27.286] [INFO] demoapp - The app is running locally, log file is: ./nettle_logger.log
[2012-08-21 14:16:27.315] [DEBUG] demoapp - Started service demoapp
[2012-08-21 14:16:37.344] [INFO] demoapp - The app is running locally, log file is: ./nettle_logger.log
[2012-08-21 14:16:37.360] [DEBUG] demoapp - Started service demoapp
[2012-08-21 14:16:43.462] [INFO] demoapp - URL: www.batcon.org
[2012-08-21 14:17:28.545] [DEBUG] demoapp - Stopped service demoapp
[2012-08-21 14:17:28.549] [INFO] demoapp - The app is running locally, log file is: ./nettle_logger.log
[2012-08-21 14:17:28.612] [DEBUG] demoapp - Started service demoapp
[2012-08-21 14:17:42.298] [INFO] demoapp - The app is running locally, log file is: ./nettle_logger.log
[2012-08-21 14:17:42.307] [DEBUG] demoapp - Started service demoapp
[2012-08-21 14:17:44.805] [INFO] demoapp - URL: www.batcon.org
[2012-08-21 14:17:47.020] [INFO] demoapp - URL: www.batcon.org
[2012-08-21 14:18:18.115] [DEBUG] demoapp - Stopped service demoapp
[2012-08-21 14:18:18.135] [INFO] demoapp - The app is running locally, log file is: ./nettle_logger.log
[2012-08-21 14:18:18.203] [DEBUG] demoapp - Started service demoapp
[2012-08-21 14:18:23.207] [DEBUG] demoapp - Stopped service demoapp
[2012-08-21 14:18:23.210] [INFO] demoapp - The app is running locally, log file is: ./nettle_logger.log
[2012-08-21 14:18:23.217] [DEBUG] demoapp - Started service demoapp
[2012-08-21 14:18:31.549] [INFO] demoapp - The app is running locally, log file is: ./nettle_logger.log
[2012-08-21 14:18:31.557] [DEBUG] demoapp - Started service demoapp
[2012-08-21 14:18:33.125] [INFO] demoapp - URL: www.batcon.org
[2012-08-21 14:19:24.818] [DEBUG] demoapp - Stopped service demoapp
[2012-08-21 14:19:24.822] [INFO] demoapp - The app is running locally, log file is: ./nettle_logger.log
[2012-08-21 14:19:24.850] [DEBUG] demoapp - Started service demoapp
[2012-08-21 14:19:30.735] [INFO] demoapp - The app is running locally, log file is: ./nettle_logger.log
[2012-08-21 14:19:30.743] [DEBUG] demoapp - Started service demoapp
[2012-08-21 14:19:33.761] [INFO] demoapp - URL: www.batcon.org
[2012-08-21 14:19:35.763] [INFO] demoapp - URL: www.batcon.org
[2012-08-21 14:19:55.341] [DEBUG] demoapp - Stopped service demoapp
[2012-08-21 14:19:55.344] [INFO] demoapp - The app is running locally, log file is: ./nettle_logger.log
[2012-08-21 14:19:55.440] [DEBUG] demoapp - Started service demoapp
[2012-08-21 14:20:34.522] [INFO] demoapp - The app is running locally, log file is: ./nettle_logger.log
[2012-08-21 14:20:34.557] [DEBUG] demoapp - Started service demoapp
[2012-08-21 14:21:13.447] [DEBUG] demoapp - Stopped service demoapp
[2012-08-21 14:21:13.451] [INFO] demoapp - The app is running locally, log file is: ./nettle_logger.log
[2012-08-21 14:21:13.493] [DEBUG] demoapp - Started service demoapp
[2012-08-21 14:21:20.659] [DEBUG] demoapp - Stopped service demoapp
[2012-08-21 14:21:20.668] [INFO] demoapp - The app is running locally, log file is: ./nettle_logger.log
[2012-08-21 14:21:20.677] [DEBUG] demoapp - Started service demoapp
[2012-08-21 14:21:27.994] [INFO] demoapp - URL: www.batcon.org
[2012-08-21 14:23:34.531] [DEBUG] demoapp - Stopped service demoapp
[2012-08-21 14:23:34.532] [INFO] demoapp - The app is running locally, log file is: ./nettle_logger.log
[2012-08-21 14:23:34.553] [DEBUG] demoapp - Started service demoapp
[2012-08-21 14:24:00.527] [INFO] demoapp - URL: www.batcon.org
[2012-08-21 14:24:17.579] [DEBUG] demoapp - Stopped service demoapp
[2012-08-21 14:24:17.582] [INFO] demoapp - The app is running locally, log file is: ./nettle_logger.log
[2012-08-21 14:24:17.616] [DEBUG] demoapp - Started service demoapp
[2012-08-21 14:24:22.329] [INFO] demoapp - URL: www.batcon.org
[2012-08-21 14:25:01.192] [DEBUG] demoapp - Stopped service demoapp
[2012-08-21 14:25:01.196] [INFO] demoapp - The app is running locally, log file is: ./nettle_logger.log
[2012-08-21 14:25:01.209] [DEBUG] demoapp - Started service demoapp
[2012-08-21 14:25:03.691] [INFO] demoapp - URL: www.batcon.org
[2012-08-21 14:25:33.878] [DEBUG] demoapp - Stopped service demoapp
[2012-08-21 14:25:33.881] [INFO] demoapp - The app is running locally, log file is: ./nettle_logger.log
[2012-08-21 14:25:33.893] [DEBUG] demoapp - Started service demoapp
[2012-08-21 14:25:36.368] [INFO] demoapp - URL: www.batcon.org
[2012-08-21 14:25:39.823] [INFO] demoapp - URL: www.batcon.org
[2012-08-21 14:35:33.517] [DEBUG] demoapp - Stopped service demoapp
[2012-08-21 14:35:33.518] [INFO] demoapp - The app is running locally, log file is: ./nettle_logger.log
[2012-08-21 14:35:33.527] [DEBUG] demoapp - Started service demoapp
[2012-08-21 14:35:38.814] [INFO] demoapp - URL: www.batcon.org
[2012-08-21 14:35:40.297] [INFO] demoapp - URL: www.batcon.org
[2012-08-21 14:35:43.099] [INFO] demoapp - URL: www.batcon.org
[2012-08-21 14:38:16.917] [DEBUG] demoapp - Stopped service demoapp
[2012-08-21 14:38:16.919] [INFO] demoapp - The app is running locally, log file is: ./nettle_logger.log
[2012-08-21 14:38:16.948] [DEBUG] demoapp - Started service demoapp
[2012-08-21 14:38:25.314] [INFO] demoapp - URL: www.batcon.org
[2012-08-21 14:39:39.088] [ERROR] demoapp - ERR: socket hang up
[2012-08-21 14:39:40.397] [ERROR] demoapp - ERR: socket hang up
[2012-08-21 14:39:43.279] [ERROR] demoapp - ERR: socket hang up
[2012-08-21 14:40:30.441] [INFO] demoapp - URL: www.batcon.org
[2012-08-21 14:44:14.102] [DEBUG] demoapp - Stopped service demoapp
[2012-08-21 14:44:14.103] [INFO] demoapp - The app is running locally, log file is: ./nettle_logger.log
[2012-08-21 14:44:14.110] [DEBUG] demoapp - Started service demoapp
[2012-08-21 14:44:18.414] [INFO] demoapp - URL: www.batcon.org
[2012-08-21 14:44:20.972] [INFO] demoapp - URL: www.batcon.org
[2012-08-21 14:44:43.281] [DEBUG] demoapp - Stopped service demoapp
[2012-08-21 14:44:43.284] [INFO] demoapp - The app is running locally, log file is: ./nettle_logger.log
[2012-08-21 14:44:43.290] [DEBUG] demoapp - Started service demoapp
[2012-08-21 14:44:58.423] [INFO] demoapp - URL: www.batcon.org
[2012-08-21 14:45:00.716] [INFO] demoapp - URL: www.batcon.org
[2012-08-21 14:47:35.388] [DEBUG] demoapp - Stopped service demoapp
[2012-08-21 14:47:35.389] [INFO] demoapp - The app is running locally, log file is: ./nettle_logger.log
[2012-08-21 14:47:35.397] [DEBUG] demoapp - Started service demoapp
[2012-08-21 14:47:54.149] [DEBUG] demoapp - Stopped service demoapp
[2012-08-21 14:47:54.152] [INFO] demoapp - The app is running locally, log file is: ./nettle_logger.log
[2012-08-21 14:47:54.163] [DEBUG] demoapp - Started service demoapp
[2012-08-21 14:47:56.643] [INFO] demoapp - URL: www.batcon.org
[2012-08-21 14:48:09.788] [DEBUG] demoapp - Stopped service demoapp
[2012-08-21 14:48:09.791] [INFO] demoapp - The app is running locally, log file is: ./nettle_logger.log
[2012-08-21 14:48:09.797] [DEBUG] demoapp - Started service demoapp
[2012-08-21 14:48:13.180] [DEBUG] demoapp - Stopped service demoapp
[2012-08-21 14:48:13.183] [INFO] demoapp - The app is running locally, log file is: ./nettle_logger.log
[2012-08-21 14:48:13.189] [DEBUG] demoapp - Started service demoapp
[2012-08-21 14:48:15.253] [INFO] demoapp - URL: www.batcon.org
[2012-08-21 14:48:20.809] [INFO] demoapp - URL: www.batcon.org
[2012-08-21 14:48:35.563] [INFO] demoapp - The app is running locally, log file is: ./nettle_logger.log
[2012-08-21 14:48:35.572] [DEBUG] demoapp - Started service demoapp
[2012-08-21 14:49:04.073] [INFO] demoapp - URL: www.batcon.org
[2012-08-21 14:49:51.581] [DEBUG] demoapp - Stopped service demoapp
[2012-08-21 14:49:51.585] [INFO] demoapp - The app is running locally, log file is: ./nettle_logger.log
[2012-08-21 14:49:51.643] [DEBUG] demoapp - Started service demoapp
[2012-08-21 14:49:57.797] [DEBUG] demoapp - Stopped service demoapp
[2012-08-21 14:49:57.800] [INFO] demoapp - The app is running locally, log file is: ./nettle_logger.log
[2012-08-21 14:49:57.820] [DEBUG] demoapp - Started service demoapp
[2012-08-21 14:50:00.668] [DEBUG] demoapp - Stopped service demoapp
[2012-08-21 14:50:00.671] [INFO] demoapp - The app is running locally, log file is: ./nettle_logger.log
[2012-08-21 14:50:00.695] [DEBUG] demoapp - Started service demoapp
[2012-08-21 14:50:04.438] [INFO] demoapp - URL: www.batcon.org
[2012-08-21 14:50:17.282] [DEBUG] demoapp - Stopped service demoapp
[2012-08-21 14:50:17.286] [INFO] demoapp - The app is running locally, log file is: ./nettle_logger.log
[2012-08-21 14:50:17.299] [DEBUG] demoapp - Started service demoapp
[2012-08-21 14:50:21.336] [INFO] demoapp - URL: www.batcon.org
[2012-08-21 14:54:43.536] [DEBUG] demoapp - Stopped service demoapp
[2012-08-21 14:54:43.564] [INFO] demoapp - The app is running locally, log file is: ./nettle_logger.log
[2012-08-21 14:54:43.591] [DEBUG] demoapp - Started service demoapp
[2012-08-21 14:55:09.810] [DEBUG] demoapp - Stopped service demoapp
[2012-08-21 14:55:09.813] [INFO] demoapp - The app is running locally, log file is: ./nettle_logger.log
[2012-08-21 14:55:09.821] [DEBUG] demoapp - Started service demoapp
[2012-08-21 14:55:22.516] [INFO] demoapp - URL: www.batcon.org
[2012-08-21 14:55:34.766] [DEBUG] demoapp - Stopped service demoapp
[2012-08-21 14:56:22.619] [INFO] demoapp - The app is running locally, log file is: ./nettle_logger.log
[2012-08-21 14:56:22.629] [DEBUG] demoapp - Started service demoapp
[2012-08-21 14:56:24.224] [INFO] demoapp - URL: www.batcon.org
[2012-08-21 14:59:25.726] [DEBUG] demoapp - Stopped service demoapp
[2012-08-21 14:59:25.731] [INFO] demoapp - The app is running locally, log file is: ./nettle_logger.log
[2012-08-21 14:59:25.757] [DEBUG] demoapp - Started service demoapp
[2012-08-21 14:59:31.693] [INFO] demoapp - URL: www.batcon.org
[2012-08-21 15:00:34.964] [DEBUG] demoapp - Stopped service demoapp
[2012-08-21 15:00:34.967] [INFO] demoapp - The app is running locally, log file is: ./nettle_logger.log
[2012-08-21 15:00:34.973] [DEBUG] demoapp - Started service demoapp
[2012-08-21 15:00:37.042] [INFO] demoapp - URL: www.batcon.org
[2012-08-21 15:00:50.689] [DEBUG] demoapp - Stopped service demoapp
[2012-08-21 15:00:50.692] [INFO] demoapp - The app is running locally, log file is: ./nettle_logger.log
[2012-08-21 15:00:50.704] [DEBUG] demoapp - Started service demoapp
[2012-08-21 15:00:52.553] [INFO] demoapp - URL: www.batcon.org
[2012-08-21 18:06:07.226] [INFO] demoapp - The app is running locally, log file is: ./nettle_logger.log
[2012-08-21 18:06:07.235] [DEBUG] demoapp - Started service demoapp
[2012-08-21 18:06:18.324] [INFO] demoapp - URL: www.batcon.org
[2012-08-21 18:07:12.026] [DEBUG] demoapp - Stopped service demoapp
[2012-08-21 18:07:12.028] [INFO] demoapp - The app is running locally, log file is: ./nettle_logger.log
[2012-08-21 18:07:12.057] [DEBUG] demoapp - Started service demoapp
[2012-08-21 18:07:54.356] [DEBUG] demoapp - Stopped service demoapp
[2012-08-21 18:07:54.357] [INFO] demoapp - The app is running locally, log file is: ./nettle_logger.log
[2012-08-21 18:07:54.366] [DEBUG] demoapp - Started service demoapp
[2012-08-21 18:08:06.849] [DEBUG] demoapp - Stopped service demoapp
[2012-08-21 18:08:06.850] [INFO] demoapp - The app is running locally, log file is: ./nettle_logger.log
[2012-08-21 18:08:06.865] [DEBUG] demoapp - Started service demoapp
[2012-08-21 18:08:54.887] [DEBUG] demoapp - Stopped service demoapp
[2012-08-21 18:08:54.889] [INFO] demoapp - The app is running locally, log file is: ./nettle_logger.log
[2012-08-21 18:08:54.906] [DEBUG] demoapp - Started service demoapp
[2012-08-21 18:09:02.439] [DEBUG] demoapp - Stopped service demoapp
[2012-08-21 18:09:02.440] [INFO] demoapp - The app is running locally, log file is: ./nettle_logger.log
[2012-08-21 18:09:02.447] [DEBUG] demoapp - Started service demoapp
[2012-08-21 18:09:14.539] [DEBUG] demoapp - Stopped service demoapp
[2012-08-21 18:09:14.540] [INFO] demoapp - The app is running locally, log file is: ./nettle_logger.log
[2012-08-21 18:09:14.577] [DEBUG] demoapp - Started service demoapp
[2012-08-21 18:09:35.646] [DEBUG] demoapp - Stopped service demoapp
[2012-08-21 18:09:35.652] [INFO] demoapp - The app is running locally, log file is: ./nettle_logger.log
[2012-08-21 18:09:35.659] [DEBUG] demoapp - Started service demoapp
[2012-08-21 18:09:50.994] [INFO] demoapp - URL: www.batcon.org
[2012-08-21 18:11:33.789] [INFO] demoapp - URL: www.batcon.org
[2012-08-21 18:12:36.706] [DEBUG] demoapp - Stopped service demoapp
[2012-08-21 18:12:36.708] [INFO] demoapp - The app is running locally, log file is: ./nettle_logger.log
[2012-08-21 18:12:36.729] [DEBUG] demoapp - Started service demoapp
[2012-08-21 18:12:40.119] [INFO] demoapp - URL: www.batcon.org
[2012-08-21 18:13:35.860] [DEBUG] demoapp - Stopped service demoapp
[2012-08-21 18:13:35.862] [INFO] demoapp - The app is running locally, log file is: ./nettle_logger.log
[2012-08-21 18:13:35.892] [DEBUG] demoapp - Started service demoapp
[2012-08-21 18:13:59.468] [DEBUG] demoapp - Stopped service demoapp
[2012-08-21 18:13:59.472] [INFO] demoapp - The app is running locally, log file is: ./nettle_logger.log
[2012-08-21 18:13:59.482] [DEBUG] demoapp - Started service demoapp
[2012-08-21 18:14:04.336] [INFO] demoapp - URL: www.batcon.org
[2012-08-21 18:16:03.720] [DEBUG] demoapp - Stopped service demoapp
[2012-08-21 18:16:03.721] [INFO] demoapp - The app is running locally, log file is: ./nettle_logger.log
[2012-08-21 18:16:03.730] [DEBUG] demoapp - Started service demoapp
[2012-08-21 18:17:25.814] [DEBUG] demoapp - Stopped service demoapp
[2012-08-21 18:17:25.816] [INFO] demoapp - The app is running locally, log file is: ./nettle_logger.log
[2012-08-21 18:17:25.831] [DEBUG] demoapp - Started service demoapp
[2012-08-21 18:18:47.095] [DEBUG] demoapp - Stopped service demoapp
[2012-08-21 18:18:47.096] [INFO] demoapp - The app is running locally, log file is: ./nettle_logger.log
[2012-08-21 18:18:47.107] [DEBUG] demoapp - Started service demoapp
[2012-08-21 18:19:20.382] [DEBUG] demoapp - Stopped service demoapp
[2012-08-21 18:19:20.385] [INFO] demoapp - The app is running locally, log file is: ./nettle_logger.log
[2012-08-21 18:19:20.397] [DEBUG] demoapp - Started service demoapp
[2012-08-21 18:19:27.309] [DEBUG] demoapp - Stopped service demoapp
[2012-08-21 18:19:27.310] [INFO] demoapp - The app is running locally, log file is: ./nettle_logger.log
[2012-08-21 18:19:27.317] [DEBUG] demoapp - Started service demoapp
[2012-08-21 18:20:09.818] [DEBUG] demoapp - Stopped service demoapp
[2012-08-21 18:20:09.819] [INFO] demoapp - The app is running locally, log file is: ./nettle_logger.log
[2012-08-21 18:20:09.827] [DEBUG] demoapp - Started service demoapp
[2012-08-21 18:20:34.025] [DEBUG] demoapp - Stopped service demoapp
[2012-08-21 18:20:34.026] [INFO] demoapp - The app is running locally, log file is: ./nettle_logger.log
[2012-08-21 18:20:34.035] [DEBUG] demoapp - Started service demoapp
[2012-08-21 18:20:46.053] [DEBUG] demoapp - Stopped service demoapp
[2012-08-21 18:20:46.055] [INFO] demoapp - The app is running locally, log file is: ./nettle_logger.log
[2012-08-21 18:20:46.066] [DEBUG] demoapp - Started service demoapp
[2012-08-21 18:21:29.640] [DEBUG] demoapp - Stopped service demoapp
[2012-08-21 18:21:29.641] [INFO] demoapp - The app is running locally, log file is: ./nettle_logger.log
[2012-08-21 18:21:29.669] [DEBUG] demoapp - Started service demoapp
[2012-08-21 18:21:35.242] [INFO] demoapp - URL: www.batcon.org
[2012-08-21 18:22:27.097] [DEBUG] demoapp - Stopped service demoapp
[2012-08-21 18:22:27.098] [INFO] demoapp - The app is running locally, log file is: ./nettle_logger.log
[2012-08-21 18:22:27.109] [DEBUG] demoapp - Started service demoapp
[2012-08-21 18:22:46.662] [DEBUG] demoapp - Stopped service demoapp
[2012-08-21 18:22:46.664] [INFO] demoapp - The app is running locally, log file is: ./nettle_logger.log
[2012-08-21 18:22:46.672] [DEBUG] demoapp - Started service demoapp
[2012-08-21 18:22:49.509] [INFO] demoapp - URL: www.batcon.org
[2012-08-21 18:23:18.421] [DEBUG] demoapp - Stopped service demoapp
[2012-08-21 18:23:18.422] [INFO] demoapp - The app is running locally, log file is: ./nettle_logger.log
[2012-08-21 18:23:18.428] [DEBUG] demoapp - Started service demoapp
[2012-08-21 18:23:21.011] [INFO] demoapp - URL: www.batcon.org
[2012-08-21 18:25:05.087] [DEBUG] demoapp - Stopped service demoapp
[2012-08-21 18:25:05.090] [INFO] demoapp - The app is running locally, log file is: ./nettle_logger.log
[2012-08-21 18:25:05.098] [DEBUG] demoapp - Started service demoapp
[2012-08-21 18:25:09.787] [DEBUG] demoapp - Stopped service demoapp
[2012-08-21 18:25:09.797] [INFO] demoapp - The app is running locally, log file is: ./nettle_logger.log
[2012-08-21 18:25:09.804] [DEBUG] demoapp - Started service demoapp
[2012-08-21 18:25:15.376] [INFO] demoapp - URL: www.batcon.org
[2012-08-21 18:26:12.980] [DEBUG] demoapp - Stopped service demoapp
[2012-08-21 18:26:12.985] [INFO] demoapp - The app is running locally, log file is: ./nettle_logger.log
[2012-08-21 18:26:12.992] [DEBUG] demoapp - Started service demoapp
[2012-08-21 18:27:49.093] [DEBUG] demoapp - Stopped service demoapp
[2012-08-21 18:27:49.099] [INFO] demoapp - The app is running locally, log file is: ./nettle_logger.log
[2012-08-21 18:27:49.113] [DEBUG] demoapp - Started service demoapp
[2012-08-21 18:27:52.605] [INFO] demoapp - URL: www.batcon.org
[2012-08-21 18:28:50.527] [DEBUG] demoapp - Stopped service demoapp
[2012-08-21 18:28:50.528] [INFO] demoapp - The app is running locally, log file is: ./nettle_logger.log
[2012-08-21 18:28:50.537] [DEBUG] demoapp - Started service demoapp
[2012-08-21 18:29:24.145] [DEBUG] demoapp - Stopped service demoapp
[2012-08-21 18:29:24.146] [INFO] demoapp - The app is running locally, log file is: ./nettle_logger.log
[2012-08-21 18:29:24.159] [DEBUG] demoapp - Started service demoapp
[2012-08-21 18:30:00.181] [INFO] demoapp - The app is running locally, log file is: ./nettle_logger.log
[2012-08-21 18:30:00.190] [DEBUG] demoapp - Started service demoapp
[2012-08-21 18:30:51.625] [DEBUG] demoapp - Stopped service demoapp
[2012-08-21 18:30:51.628] [INFO] demoapp - The app is running locally, log file is: ./nettle_logger.log
[2012-08-21 18:30:51.658] [DEBUG] demoapp - Started service demoapp
[2012-08-21 18:31:25.013] [DEBUG] demoapp - Stopped service demoapp
[2012-08-21 18:31:25.015] [INFO] demoapp - The app is running locally, log file is: ./nettle_logger.log
[2012-08-21 18:31:25.023] [DEBUG] demoapp - Started service demoapp
[2012-08-21 18:31:45.869] [DEBUG] demoapp - Stopped service demoapp
[2012-08-21 18:31:45.870] [INFO] demoapp - The app is running locally, log file is: ./nettle_logger.log
[2012-08-21 18:31:45.881] [DEBUG] demoapp - Started service demoapp
[2012-08-21 18:31:59.692] [DEBUG] demoapp - Stopped service demoapp
[2012-08-21 18:31:59.696] [INFO] demoapp - The app is running locally, log file is: ./nettle_logger.log
[2012-08-21 18:31:59.713] [DEBUG] demoapp - Started service demoapp
[2012-08-21 18:32:11.766] [DEBUG] demoapp - Stopped service demoapp
[2012-08-21 18:32:11.767] [INFO] demoapp - The app is running locally, log file is: ./nettle_logger.log
[2012-08-21 18:32:11.799] [DEBUG] demoapp - Started service demoapp
[2012-08-21 18:32:13.965] [INFO] demoapp - Attempting to call Google ShortURL API
[2012-08-21 18:32:30.384] [INFO] demoapp - Attempting to call Google ShortURL API
[2012-08-21 18:33:22.589] [DEBUG] demoapp - Stopped service demoapp
[2012-08-21 18:33:22.591] [INFO] demoapp - The app is running locally, log file is: ./nettle_logger.log
[2012-08-21 18:33:22.602] [DEBUG] demoapp - Started service demoapp
[2012-08-21 18:33:25.355] [INFO] demoapp - Attempting to call Google ShortURL API
[2012-08-21 18:33:29.984] [INFO] demoapp - Attempting to call Google ShortURL API
[2012-08-21 18:34:06.398] [DEBUG] demoapp - ERR: socket hang up
[2012-08-21 18:34:16.954] [INFO] demoapp - Attempting to call Google ShortURL API
[2012-08-21 18:35:02.101] [DEBUG] demoapp - Stopped service demoapp
[2012-08-21 18:35:02.102] [INFO] demoapp - The app is running locally, log file is: ./nettle_logger.log
[2012-08-21 18:35:02.119] [DEBUG] demoapp - Started service demoapp
[2012-08-21 18:35:11.182] [DEBUG] demoapp - Stopped service demoapp
[2012-08-21 18:35:11.184] [INFO] demoapp - The app is running locally, log file is: ./nettle_logger.log
[2012-08-21 18:35:11.218] [DEBUG] demoapp - Started service demoapp
[2012-08-21 18:35:16.048] [INFO] demoapp - Attempting to call Google ShortURL API
[2012-08-21 18:35:44.475] [DEBUG] demoapp - Stopped service demoapp
[2012-08-21 18:35:44.477] [INFO] demoapp - The app is running locally, log file is: ./nettle_logger.log
[2012-08-21 18:35:44.490] [DEBUG] demoapp - Started service demoapp
[2012-08-21 18:35:46.508] [DEBUG] demoapp - Stopped service demoapp
[2012-08-21 18:35:46.509] [INFO] demoapp - The app is running locally, log file is: ./nettle_logger.log
[2012-08-21 18:35:46.517] [DEBUG] demoapp - Started service demoapp
[2012-08-21 18:35:48.862] [INFO] demoapp - Attempting to call Google ShortURL API
[2012-08-21 18:36:04.708] [DEBUG] demoapp - Stopped service demoapp
[2012-08-21 18:36:04.709] [INFO] demoapp - The app is running locally, log file is: ./nettle_logger.log
[2012-08-21 18:36:04.721] [DEBUG] demoapp - Started service demoapp
[2012-08-21 18:36:07.114] [INFO] demoapp - Attempting to call Google ShortURL API
[2012-08-21 18:36:36.931] [DEBUG] demoapp - Stopped service demoapp
[2012-08-21 18:36:36.936] [INFO] demoapp - The app is running locally, log file is: ./nettle_logger.log
[2012-08-21 18:36:36.947] [DEBUG] demoapp - Started service demoapp
[2012-08-21 18:36:44.616] [DEBUG] demoapp - Stopped service demoapp
[2012-08-21 18:36:44.618] [INFO] demoapp - The app is running locally, log file is: ./nettle_logger.log
[2012-08-21 18:36:44.627] [DEBUG] demoapp - Started service demoapp
[2012-08-21 18:36:47.620] [INFO] demoapp - Attempting to call Google ShortURL API
[2012-08-21 18:37:35.837] [DEBUG] demoapp - Stopped service demoapp
[2012-08-21 18:37:35.838] [INFO] demoapp - The app is running locally, log file is: ./nettle_logger.log
[2012-08-21 18:37:35.846] [DEBUG] demoapp - Started service demoapp
[2012-08-21 18:37:39.908] [INFO] demoapp - Attempting to call Google ShortURL API
[2012-08-21 18:38:08.433] [DEBUG] demoapp - Stopped service demoapp
[2012-08-21 18:38:08.440] [INFO] demoapp - The app is running locally, log file is: ./nettle_logger.log
[2012-08-21 18:38:08.445] [DEBUG] demoapp - Started service demoapp
[2012-08-21 18:38:11.177] [INFO] demoapp - Attempting to call Google ShortURL API
[2012-08-21 18:40:03.773] [DEBUG] demoapp - Stopped service demoapp
[2012-08-21 18:40:03.775] [INFO] demoapp - The app is running locally, log file is: ./nettle_logger.log
[2012-08-21 18:40:03.782] [DEBUG] demoapp - Started service demoapp
[2012-08-21 18:40:13.380] [DEBUG] demoapp - Stopped service demoapp
[2012-08-21 18:40:13.382] [INFO] demoapp - The app is running locally, log file is: ./nettle_logger.log
[2012-08-21 18:40:13.390] [DEBUG] demoapp - Started service demoapp
[2012-08-21 18:40:15.736] [INFO] demoapp - Attempting to call Google ShortURL API
[2012-08-21 18:40:30.094] [INFO] demoapp - Attempting to call Google ShortURL API
